Release 14.7 - xst P.20131013 (nt64)
Copyright (c) 1995-2013 Xilinx, Inc.  All rights reserved.
--> Parameter TMPDIR set to xst/projnav.tmp


Total REAL time to Xst completion: 0.00 secs
Total CPU time to Xst completion: 0.21 secs
 
--> Parameter xsthdpdir set to xst


Total REAL time to Xst completion: 0.00 secs
Total CPU time to Xst completion: 0.22 secs
 
--> Reading design: alu2.prj

TABLE OF CONTENTS
  1) Synthesis Options Summary
  2) HDL Parsing
  3) HDL Elaboration
  4) HDL Synthesis
       4.1) HDL Synthesis Report
  5) Advanced HDL Synthesis
       5.1) Advanced HDL Synthesis Report
  6) Low Level Synthesis
  7) Partition Report
  8) Design Summary
       8.1) Primitive and Black Box Usage
       8.2) Device utilization summary
       8.3) Partition Resource Summary
       8.4) Timing Report
            8.4.1) Clock Information
            8.4.2) Asynchronous Control Signals Information
            8.4.3) Timing Summary
            8.4.4) Timing Details
            8.4.5) Cross Clock Domains Report


=========================================================================
*                      Synthesis Options Summary                        *
=========================================================================
---- Source Parameters
Input File Name                    : "alu2.prj"
Ignore Synthesis Constraint File   : NO

---- Target Parameters
Output File Name                   : "alu2"
Output Format                      : NGC
Target Device                      : xc6slx4-3-tqg144

---- Source Options
Top Module Name                    : alu2
Automatic FSM Extraction           : YES
FSM Encoding Algorithm             : Auto
Safe Implementation                : No
FSM Style                          : LUT
RAM Extraction                     : Yes
RAM Style                          : Auto
ROM Extraction                     : Yes
Shift Register Extraction          : YES
ROM Style                          : Auto
Resource Sharing                   : YES
Asynchronous To Synchronous        : NO
Shift Register Minimum Size        : 2
Use DSP Block                      : Auto
Automatic Register Balancing       : No

---- Target Options
LUT Combining                      : Auto
Reduce Control Sets                : Auto
Add IO Buffers                     : YES
Global Maximum Fanout              : 100000
Add Generic Clock Buffer(BUFG)     : 16
Register Duplication               : YES
Optimize Instantiated Primitives   : NO
Use Clock Enable                   : Auto
Use Synchronous Set                : Auto
Use Synchronous Reset              : Auto
Pack IO Registers into IOBs        : Auto
Equivalent register Removal        : YES

---- General Options
Optimization Goal                  : Speed
Optimization Effort                : 1
Power Reduction                    : NO
Keep Hierarchy                     : No
Netlist Hierarchy                  : As_Optimized
RTL Output                         : Yes
Global Optimization                : AllClockNets
Read Cores                         : YES
Write Timing Constraints           : NO
Cross Clock Analysis               : NO
Hierarchy Separator                : /
Bus Delimiter                      : <>
Case Specifier                     : Maintain
Slice Utilization Ratio            : 100
BRAM Utilization Ratio             : 100
DSP48 Utilization Ratio            : 100
Auto BRAM Packing                  : NO
Slice Utilization Ratio Delta      : 5

=========================================================================


=========================================================================
*                          HDL Parsing                                  *
=========================================================================
Analyzing Verilog file "C:\Xilinx\ALU_trail\alu2.v" into library work
Parsing module <alu2>.
Parsing module <arith1>.
Parsing module <add1>.
Parsing module <sub1>.
Parsing module <addwc>.
Parsing module <subwb>.
Parsing module <inc>.
Parsing module <dec>.
Parsing module <tra>.
Parsing module <logicunit32bit_1>.
Parsing module <and1>.
Parsing module <or1>.
Parsing module <not1>.
Parsing module <exor1>.
Parsing module <shift>.
Parsing module <rshift>.
Parsing module <lshift>.
Parsing module <logicunit32bit>.
Parsing module <not11>.
Parsing module <add>.
Parsing module <addcarry>.
Parsing module <sub>.
Parsing module <subcarry>.
Parsing module <incremen22>.
Parsing module <decremen22>.
Parsing module <trd>.
Parsing module <mux4>.
Parsing module <mux4l>.
Parsing module <mux2l>.
Parsing module <fadd1>.
Parsing module <add2>.
Parsing module <ader32bit>.
Parsing module <and32>.
Parsing module <xor32>.
Parsing module <not32>.
Parsing module <shift32a>.
Parsing module <shift1>.

=========================================================================
*                            HDL Elaboration                            *
=========================================================================

Elaborating module <alu2>.

Elaborating module <shift>.

Elaborating module <rshift>.

Elaborating module <lshift>.

Elaborating module <logicunit32bit>.

Elaborating module <and1>.

Elaborating module <or1>.

Elaborating module <not11>.

Elaborating module <exor1>.

Elaborating module <addcarry>.

Elaborating module <add>.

Elaborating module <sub>.

Elaborating module <subcarry>.

Elaborating module <incremen22>.

Elaborating module <decremen22>.

Elaborating module <trd>.

=========================================================================
*                           HDL Synthesis                               *
=========================================================================

Synthesizing Unit <alu2>.
    Related source file is "C:\Xilinx\ALU_trail\alu2.v".
WARNING:Xst:647 - Input <s0> is never used. This port will be preserved and left unconnected if it belongs to a top-level block or it belongs to a sub-block and the hierarchy of this sub-block is preserved.
    Found 32-bit 12-to-1 multiplexer for signal <result> created at line 21.
    Summary:
	inferred   1 Multiplexer(s).
Unit <alu2> synthesized.

Synthesizing Unit <shift>.
    Related source file is "C:\Xilinx\ALU_trail\alu2.v".
WARNING:Xst:647 - Input <cin> is never used. This port will be preserved and left unconnected if it belongs to a top-level block or it belongs to a sub-block and the hierarchy of this sub-block is preserved.
    Summary:
	inferred   1 Multiplexer(s).
Unit <shift> synthesized.

Synthesizing Unit <rshift>.
    Related source file is "C:\Xilinx\ALU_trail\alu2.v".
WARNING:Xst:647 - Input <a<0:0>> is never used. This port will be preserved and left unconnected if it belongs to a top-level block or it belongs to a sub-block and the hierarchy of this sub-block is preserved.
    Summary:
	no macro.
Unit <rshift> synthesized.

Synthesizing Unit <lshift>.
    Related source file is "C:\Xilinx\ALU_trail\alu2.v".
WARNING:Xst:647 - Input <a<31:31>> is never used. This port will be preserved and left unconnected if it belongs to a top-level block or it belongs to a sub-block and the hierarchy of this sub-block is preserved.
    Summary:
	no macro.
Unit <lshift> synthesized.

Synthesizing Unit <logicunit32bit>.
    Related source file is "C:\Xilinx\ALU_trail\alu2.v".
    Found 32-bit 4-to-1 multiplexer for signal <res> created at line 206.
    Summary:
	inferred   1 Multiplexer(s).
Unit <logicunit32bit> synthesized.

Synthesizing Unit <and1>.
    Related source file is "C:\Xilinx\ALU_trail\alu2.v".
    Summary:
	no macro.
Unit <and1> synthesized.

Synthesizing Unit <or1>.
    Related source file is "C:\Xilinx\ALU_trail\alu2.v".
    Summary:
	no macro.
Unit <or1> synthesized.

Synthesizing Unit <not11>.
    Related source file is "C:\Xilinx\ALU_trail\alu2.v".
    Summary:
	no macro.
Unit <not11> synthesized.

Synthesizing Unit <exor1>.
    Related source file is "C:\Xilinx\ALU_trail\alu2.v".
    Summary:
Unit <exor1> synthesized.

Synthesizing Unit <addcarry>.
    Related source file is "C:\Xilinx\ALU_trail\alu2.v".
WARNING:Xst:647 - Input <s4> is never used. This port will be preserved and left unconnected if it belongs to a top-level block or it belongs to a sub-block and the hierarchy of this sub-block is preserved.
WARNING:Xst:647 - Input <s5> is never used. This port will be preserved and left unconnected if it belongs to a top-level block or it belongs to a sub-block and the hierarchy of this sub-block is preserved.
WARNING:Xst:647 - Input <s6> is never used. This port will be preserved and left unconnected if it belongs to a top-level block or it belongs to a sub-block and the hierarchy of this sub-block is preserved.
WARNING:Xst:647 - Input <s7> is never used. This port will be preserved and left unconnected if it belongs to a top-level block or it belongs to a sub-block and the hierarchy of this sub-block is preserved.
    Found 32-bit adder for signal <n0010> created at line 235.
    Found 32-bit adder for signal <y> created at line 235.
    Summary:
	inferred   2 Adder/Subtractor(s).
Unit <addcarry> synthesized.

Synthesizing Unit <add>.
    Related source file is "C:\Xilinx\ALU_trail\alu2.v".
WARNING:Xst:647 - Input <cin> is never used. This port will be preserved and left unconnected if it belongs to a top-level block or it belongs to a sub-block and the hierarchy of this sub-block is preserved.
WARNING:Xst:647 - Input <s4> is never used. This port will be preserved and left unconnected if it belongs to a top-level block or it belongs to a sub-block and the hierarchy of this sub-block is preserved.
WARNING:Xst:647 - Input <s5> is never used. This port will be preserved and left unconnected if it belongs to a top-level block or it belongs to a sub-block and the hierarchy of this sub-block is preserved.
WARNING:Xst:647 - Input <s6> is never used. This port will be preserved and left unconnected if it belongs to a top-level block or it belongs to a sub-block and the hierarchy of this sub-block is preserved.
WARNING:Xst:647 - Input <s7> is never used. This port will be preserved and left unconnected if it belongs to a top-level block or it belongs to a sub-block and the hierarchy of this sub-block is preserved.
    Found 32-bit adder for signal <y> created at line 227.
    Summary:
	inferred   1 Adder/Subtractor(s).
Unit <add> synthesized.

Synthesizing Unit <sub>.
    Related source file is "C:\Xilinx\ALU_trail\alu2.v".
WARNING:Xst:647 - Input <s4> is never used. This port will be preserved and left unconnected if it belongs to a top-level block or it belongs to a sub-block and the hierarchy of this sub-block is preserved.
WARNING:Xst:647 - Input <s5> is never used. This port will be preserved and left unconnected if it belongs to a top-level block or it belongs to a sub-block and the hierarchy of this sub-block is preserved.
WARNING:Xst:647 - Input <s6> is never used. This port will be preserved and left unconnected if it belongs to a top-level block or it belongs to a sub-block and the hierarchy of this sub-block is preserved.
WARNING:Xst:647 - Input <s7> is never used. This port will be preserved and left unconnected if it belongs to a top-level block or it belongs to a sub-block and the hierarchy of this sub-block is preserved.
    Found 32-bit adder for signal <n0012> created at line 244.
    Found 32-bit adder for signal <y> created at line 244.
    Summary:
	inferred   2 Adder/Subtractor(s).
Unit <sub> synthesized.

Synthesizing Unit <subcarry>.
    Related source file is "C:\Xilinx\ALU_trail\alu2.v".
WARNING:Xst:647 - Input <s4> is never used. This port will be preserved and left unconnected if it belongs to a top-level block or it belongs to a sub-block and the hierarchy of this sub-block is preserved.
WARNING:Xst:647 - Input <s5> is never used. This port will be preserved and left unconnected if it belongs to a top-level block or it belongs to a sub-block and the hierarchy of this sub-block is preserved.
WARNING:Xst:647 - Input <s6> is never used. This port will be preserved and left unconnected if it belongs to a top-level block or it belongs to a sub-block and the hierarchy of this sub-block is preserved.
WARNING:Xst:647 - Input <s7> is never used. This port will be preserved and left unconnected if it belongs to a top-level block or it belongs to a sub-block and the hierarchy of this sub-block is preserved.
    Found 32-bit adder for signal <n0012> created at line 253.
    Found 32-bit adder for signal <y> created at line 253.
    Summary:
	inferred   2 Adder/Subtractor(s).
Unit <subcarry> synthesized.

Synthesizing Unit <incremen22>.
    Related source file is "C:\Xilinx\ALU_trail\alu2.v".
WARNING:Xst:647 - Input <s4> is never used. This port will be preserved and left unconnected if it belongs to a top-level block or it belongs to a sub-block and the hierarchy of this sub-block is preserved.
WARNING:Xst:647 - Input <s5> is never used. This port will be preserved and left unconnected if it belongs to a top-level block or it belongs to a sub-block and the hierarchy of this sub-block is preserved.
WARNING:Xst:647 - Input <s6> is never used. This port will be preserved and left unconnected if it belongs to a top-level block or it belongs to a sub-block and the hierarchy of this sub-block is preserved.
WARNING:Xst:647 - Input <s7> is never used. This port will be preserved and left unconnected if it belongs to a top-level block or it belongs to a sub-block and the hierarchy of this sub-block is preserved.
    Found 32-bit adder for signal <n0008> created at line 261.
    Found 32-bit adder for signal <y> created at line 261.
    Summary:
	inferred   2 Adder/Subtractor(s).
Unit <incremen22> synthesized.

Synthesizing Unit <decremen22>.
    Related source file is "C:\Xilinx\ALU_trail\alu2.v".
WARNING:Xst:647 - Input <s4> is never used. This port will be preserved and left unconnected if it belongs to a top-level block or it belongs to a sub-block and the hierarchy of this sub-block is preserved.
WARNING:Xst:647 - Input <s5> is never used. This port will be preserved and left unconnected if it belongs to a top-level block or it belongs to a sub-block and the hierarchy of this sub-block is preserved.
WARNING:Xst:647 - Input <s6> is never used. This port will be preserved and left unconnected if it belongs to a top-level block or it belongs to a sub-block and the hierarchy of this sub-block is preserved.
WARNING:Xst:647 - Input <s7> is never used. This port will be preserved and left unconnected if it belongs to a top-level block or it belongs to a sub-block and the hierarchy of this sub-block is preserved.
    Found 32-bit subtractor for signal <n0006> created at line 269.
    Found 32-bit adder for signal <y> created at line 269.
    Summary:
	inferred   2 Adder/Subtractor(s).
Unit <decremen22> synthesized.

Synthesizing Unit <trd>.
    Related source file is "C:\Xilinx\ALU_trail\alu2.v".
WARNING:Xst:647 - Input <s4> is never used. This port will be preserved and left unconnected if it belongs to a top-level block or it belongs to a sub-block and the hierarchy of this sub-block is preserved.
WARNING:Xst:647 - Input <s5> is never used. This port will be preserved and left unconnected if it belongs to a top-level block or it belongs to a sub-block and the hierarchy of this sub-block is preserved.
WARNING:Xst:647 - Input <s6> is never used. This port will be preserved and left unconnected if it belongs to a top-level block or it belongs to a sub-block and the hierarchy of this sub-block is preserved.
WARNING:Xst:647 - Input <s7> is never used. This port will be preserved and left unconnected if it belongs to a top-level block or it belongs to a sub-block and the hierarchy of this sub-block is preserved.
    Found 32-bit adder for signal <y> created at line 277.
    Summary:
	inferred   1 Adder/Subtractor(s).
Unit <trd> synthesized.

=========================================================================
HDL Synthesis Report

Macro Statistics
# Adders/Subtractors                                   : 12
 32-bit adder                                          : 11
 32-bit subtractor                                     : 1
# Multiplexers                                         : 3
 32-bit 12-to-1 multiplexer                            : 1
 32-bit 2-to-1 multiplexer                             : 1
 32-bit 4-to-1 multiplexer                             : 1
# Xors                                                 : 1
 32-bit xor2                                           : 1

=========================================================================

=========================================================================
*                       Advanced HDL Synthesis                          *
=========================================================================


=========================================================================
Advanced HDL Synthesis Report

Macro Statistics
# Adders/Subtractors                                   : 8
 32-bit adder                                          : 3
 32-bit adder carry in                                 : 4
 32-bit subtractor                                     : 1
# Multiplexers                                         : 3
 32-bit 12-to-1 multiplexer                            : 1
 32-bit 2-to-1 multiplexer                             : 1
 32-bit 4-to-1 multiplexer                             : 1
# Xors                                                 : 1
 32-bit xor2                                           : 1

=========================================================================

=========================================================================
*                         Low Level Synthesis                           *
=========================================================================

Optimizing unit <alu2> ...

Mapping all equations...
Building and optimizing final netlist ...
Found area constraint ratio of 100 (+ 5) on block alu2, actual ratio is 27.

Final Macro Processing ...

=========================================================================
Final Register Report

Found no macro
=========================================================================

=========================================================================
*                           Partition Report                            *
=========================================================================

Partition Implementation Status
-------------------------------

  No Partitions were found in this design.

-------------------------------

=========================================================================
*                            Design Summary                             *
=========================================================================

Top Level Output File Name         : alu2.ngc

Primitive and Black Box Usage:
------------------------------
# BELS                             : 861
#      GND                         : 1
#      INV                         : 1
#      LUT1                        : 62
#      LUT2                        : 191
#      LUT3                        : 2
#      LUT4                        : 2
#      LUT5                        : 33
#      LUT6                        : 127
#      MUXCY                       : 217
#      VCC                         : 1
#      XORCY                       : 224
# IO Buffers                       : 104
#      IBUF                        : 72
#      OBUF                        : 32

Device utilization summary:
---------------------------

Selected Device : 6slx4tqg144-3 


Slice Logic Utilization: 
 Number of Slice LUTs:                  418  out of   2400    17%  
    Number used as Logic:               418  out of   2400    17%  

Slice Logic Distribution: 
 Number of LUT Flip Flop pairs used:    418
   Number with an unused Flip Flop:     418  out of    418   100%  
   Number with an unused LUT:             0  out of    418     0%  
   Number of fully used LUT-FF pairs:     0  out of    418     0%  
   Number of unique control sets:         0

IO Utilization: 
 Number of IOs:                         105
 Number of bonded IOBs:                 104  out of    102   101% (*) 

Specific Feature Utilization:

WARNING:Xst:1336 -  (*) More than 100% of Device resources are used

---------------------------
Partition Resource Summary:
---------------------------

  No Partitions were found in this design.

---------------------------


=========================================================================
Timing Report

NOTE: THESE TIMING NUMBERS ARE ONLY A SYNTHESIS ESTIMATE.
      FOR ACCURATE TIMING INFORMATION PLEASE REFER TO THE TRACE REPORT
      GENERATED AFTER PLACE-and-ROUTE.

Clock Information:
------------------
No clock signals found in this design

Asynchronous Control Signals Information:
----------------------------------------
No asynchronous control signals found in this design

Timing Summary:
---------------
Speed Grade: -3

   Minimum period: No path found
   Minimum input arrival time before clock: No path found
   Maximum output required time after clock: No path found
   Maximum combinational path delay: 9.129ns

Timing Details:
---------------
All values displayed in nanoseconds (ns)

=========================================================================
Timing constraint: Default path analysis
  Total number of paths / destination ports: 9742 / 32
-------------------------------------------------------------------------
Delay:               9.129ns (Levels of Logic = 5)
  Source:            s6 (PAD)
  Destination:       result<31> (PAD)

  Data Path: s6 to result<31>
                                Gate     Net
    Cell:in->out      fanout   Delay   Delay  Logical Name (Net Name)
    ----------------------------------------  ------------
     IBUF:I->O           130   1.222   2.300  s6_IBUF (s6_IBUF)
     LUT5:I0->O            1   0.203   0.924  Mmux_result501 (Mmux_result50)
     LUT6:I1->O            1   0.203   0.924  Mmux_result502 (Mmux_result501)
     LUT5:I0->O            1   0.203   0.579  Mmux_result506 (result_31_OBUF)
     OBUF:I->O                 2.571          result_31_OBUF (result<31>)
    ----------------------------------------
    Total                      9.129ns (4.402ns logic, 4.727ns route)
                                       (48.2% logic, 51.8% route)

=========================================================================

Cross Clock Domains Report:
--------------------------

=========================================================================


Total REAL time to Xst completion: 10.00 secs
Total CPU time to Xst completion: 10.49 secs
 
--> 

Total memory usage is 4502312 kilobytes

Number of errors   :    0 (   0 filtered)
Number of warnings :   34 (   0 filtered)
Number of infos    :    0 (   0 filtered)

