Running: C:\Xilinx\14.7\ISE_DS\ISE\bin\nt64\unwrapped\fuse.exe -intstyle ise -incremental -lib unisims_ver -lib unimacro_ver -lib xilinxcorelib_ver -lib secureip -o C:/Xilinx/ARITHMETIC_UNIT/arith1_tb_isim_beh.exe -prj C:/Xilinx/ARITHMETIC_UNIT/arith1_tb_beh.prj work.arith1_tb work.glbl 
ISim P.20131013 (signature 0x7708f090)
Number of CPUs detected in this system: 8
Turning on mult-threading, number of parallel sub-compilation jobs: 16 
Determining compilation order of HDL files
Analyzing Verilog file "C:/Xilinx/ARITHMETIC_UNIT/alu2.v" into library work
Analyzing Verilog file "C:/Xilinx/ARITHMETIC_UNIT/arith1_tb.v" into library work
Analyzing Verilog file "C:/Xilinx/14.7/ISE_DS/ISE//verilog/src/glbl.v" into library work
Starting static elaboration
Completed static elaboration
Compiling module add1
Compiling module sub1
Compiling module addwc
Compiling module subwb
Compiling module inc
Compiling module dec
Compiling module tra
Compiling module arith1
Compiling module arith1_tb
Compiling module glbl
Time Resolution for simulation is 1ps.
Waiting for 1 sub-compilation(s) to finish...
Compiled 10 Verilog Units
Built simulation executable C:/Xilinx/ARITHMETIC_UNIT/arith1_tb_isim_beh.exe
Fuse Memory Usage: 27976 KB
Fuse CPU Usage: 436 ms
