--------------------------------------------------------------------------------
Release 14.7 Trace  (nt64)
Copyright (c) 1995-2013 Xilinx, Inc.  All rights reserved.

C:\Xilinx\14.7\ISE_DS\ISE\bin\nt64\unwrapped\trce.exe -intstyle ise -v 3 -s 3
-n 3 -fastpaths -xml adder_4bit.twx adder_4bit.ncd -o adder_4bit.twr
adder_4bit.pcf

Design file:              adder_4bit.ncd
Physical constraint file: adder_4bit.pcf
Device,package,speed:     xc6slx4,tqg144,C,-3 (PRODUCTION 1.23 2013-10-13)
Report level:             verbose report

Environment Variable      Effect 
--------------------      ------ 
NONE                      No environment variables were set
--------------------------------------------------------------------------------

INFO:Timing:2698 - No timing constraints found, doing default enumeration.
INFO:Timing:3412 - To improve timing, see the Timing Closure User Guide (UG612).
INFO:Timing:2752 - To get complete path coverage, use the unconstrained paths 
   option. All paths that are not constrained will be reported in the 
   unconstrained paths section(s) of the report.
INFO:Timing:3339 - The clock-to-out numbers in this timing report are based on 
   a 50 Ohm transmission line loading model.  For the details of this model, 
   and for more information on accounting for different loading conditions, 
   please see the device datasheet.



Data Sheet report:
-----------------
All values displayed in nanoseconds (ns)

Pad to Pad
---------------+---------------+---------+
Source Pad     |Destination Pad|  Delay  |
---------------+---------------+---------+
cin            |cout           |    7.594|
cin            |out<0>         |    6.774|
cin            |out<1>         |    7.113|
cin            |out<2>         |    7.628|
cin            |out<3>         |    7.820|
n1<0>          |cout           |    6.919|
n1<0>          |out<0>         |    6.513|
n1<0>          |out<1>         |    6.438|
n1<0>          |out<2>         |    6.953|
n1<0>          |out<3>         |    7.145|
n1<1>          |cout           |    6.954|
n1<1>          |out<1>         |    6.473|
n1<1>          |out<2>         |    6.988|
n1<1>          |out<3>         |    7.180|
n1<2>          |cout           |    6.519|
n1<2>          |out<2>         |    6.455|
n1<2>          |out<3>         |    6.745|
n1<3>          |cout           |    6.615|
n1<3>          |out<3>         |    6.841|
n2<0>          |cout           |    7.569|
n2<0>          |out<0>         |    6.665|
n2<0>          |out<1>         |    7.088|
n2<0>          |out<2>         |    7.603|
n2<0>          |out<3>         |    7.795|
n2<1>          |cout           |    7.701|
n2<1>          |out<1>         |    7.220|
n2<1>          |out<2>         |    7.735|
n2<1>          |out<3>         |    7.927|
n2<2>          |cout           |    6.763|
n2<2>          |out<2>         |    7.078|
n2<2>          |out<3>         |    6.989|
n2<3>          |cout           |    6.533|
n2<3>          |out<3>         |    6.759|
---------------+---------------+---------+


Analysis completed Mon Mar 29 14:18:16 2021 
--------------------------------------------------------------------------------

Trace Settings:
-------------------------
Trace Settings 

Peak Memory Usage: 4553 MB



